2025-06-02 の記録を daily.csv に追加しました
2025-06-03 の記録を daily.csv に追加しました
2025-06-04 の記録を daily.csv に追加しました
2025-06-05 の記録を daily.csv に追加しました
2025-06-06 の記録を daily.csv に追加しました
2025-06-07 の記録を daily.csv に追加しました
Traceback (most recent call last):
  File "daily_check.py", line 23, in <module>
    logs = json.load(f)
  File "/usr/lib/python3.8/json/__init__.py", line 293, in load
    return loads(fp.read(),
  File "/usr/lib/python3.8/json/__init__.py", line 357, in loads
    return _default_decoder.decode(s)
  File "/usr/lib/python3.8/json/decoder.py", line 337, in decode
    obj, end = self.raw_decode(s, idx=_w(s, 0).end())
  File "/usr/lib/python3.8/json/decoder.py", line 355, in raw_decode
    raise JSONDecodeError("Expecting value", s, err.value) from None
json.decoder.JSONDecodeError: Expecting value: line 4 column 3 (char 79)
Traceback (most recent call last):
  File "daily_check.py", line 23, in <module>
    logs = json.load(f)
  File "/usr/lib/python3.8/json/__init__.py", line 293, in load
    return loads(fp.read(),
  File "/usr/lib/python3.8/json/__init__.py", line 357, in loads
    return _default_decoder.decode(s)
  File "/usr/lib/python3.8/json/decoder.py", line 337, in decode
    obj, end = self.raw_decode(s, idx=_w(s, 0).end())
  File "/usr/lib/python3.8/json/decoder.py", line 355, in raw_decode
    raise JSONDecodeError("Expecting value", s, err.value) from None
json.decoder.JSONDecodeError: Expecting value: line 4 column 3 (char 79)
Traceback (most recent call last):
  File "daily_check.py", line 23, in <module>
    logs = json.load(f)
  File "/usr/lib/python3.8/json/__init__.py", line 293, in load
    return loads(fp.read(),
  File "/usr/lib/python3.8/json/__init__.py", line 357, in loads
    return _default_decoder.decode(s)
  File "/usr/lib/python3.8/json/decoder.py", line 337, in decode
    obj, end = self.raw_decode(s, idx=_w(s, 0).end())
  File "/usr/lib/python3.8/json/decoder.py", line 355, in raw_decode
    raise JSONDecodeError("Expecting value", s, err.value) from None
json.decoder.JSONDecodeError: Expecting value: line 4 column 3 (char 79)
Traceback (most recent call last):
  File "daily_check.py", line 23, in <module>
    logs = json.load(f)
  File "/usr/lib/python3.8/json/__init__.py", line 293, in load
    return loads(fp.read(),
  File "/usr/lib/python3.8/json/__init__.py", line 357, in loads
    return _default_decoder.decode(s)
  File "/usr/lib/python3.8/json/decoder.py", line 337, in decode
    obj, end = self.raw_decode(s, idx=_w(s, 0).end())
  File "/usr/lib/python3.8/json/decoder.py", line 355, in raw_decode
    raise JSONDecodeError("Expecting value", s, err.value) from None
json.decoder.JSONDecodeError: Expecting value: line 4 column 3 (char 79)
Traceback (most recent call last):
  File "daily_check.py", line 23, in <module>
    logs = json.load(f)
  File "/usr/lib/python3.8/json/__init__.py", line 293, in load
    return loads(fp.read(),
  File "/usr/lib/python3.8/json/__init__.py", line 357, in loads
    return _default_decoder.decode(s)
  File "/usr/lib/python3.8/json/decoder.py", line 337, in decode
    obj, end = self.raw_decode(s, idx=_w(s, 0).end())
  File "/usr/lib/python3.8/json/decoder.py", line 355, in raw_decode
    raise JSONDecodeError("Expecting value", s, err.value) from None
json.decoder.JSONDecodeError: Expecting value: line 4 column 3 (char 79)
Traceback (most recent call last):
  File "daily_check.py", line 23, in <module>
    logs = json.load(f)
  File "/usr/lib/python3.8/json/__init__.py", line 293, in load
    return loads(fp.read(),
  File "/usr/lib/python3.8/json/__init__.py", line 357, in loads
    return _default_decoder.decode(s)
  File "/usr/lib/python3.8/json/decoder.py", line 337, in decode
    obj, end = self.raw_decode(s, idx=_w(s, 0).end())
  File "/usr/lib/python3.8/json/decoder.py", line 355, in raw_decode
    raise JSONDecodeError("Expecting value", s, err.value) from None
json.decoder.JSONDecodeError: Expecting value: line 4 column 3 (char 79)
Traceback (most recent call last):
  File "daily_check.py", line 23, in <module>
    logs = json.load(f)
  File "/usr/lib/python3.8/json/__init__.py", line 293, in load
    return loads(fp.read(),
  File "/usr/lib/python3.8/json/__init__.py", line 357, in loads
    return _default_decoder.decode(s)
  File "/usr/lib/python3.8/json/decoder.py", line 337, in decode
    obj, end = self.raw_decode(s, idx=_w(s, 0).end())
  File "/usr/lib/python3.8/json/decoder.py", line 355, in raw_decode
    raise JSONDecodeError("Expecting value", s, err.value) from None
json.decoder.JSONDecodeError: Expecting value: line 4 column 3 (char 79)
Traceback (most recent call last):
  File "daily_check.py", line 23, in <module>
    logs = json.load(f)
  File "/usr/lib/python3.8/json/__init__.py", line 293, in load
    return loads(fp.read(),
  File "/usr/lib/python3.8/json/__init__.py", line 357, in loads
    return _default_decoder.decode(s)
  File "/usr/lib/python3.8/json/decoder.py", line 337, in decode
    obj, end = self.raw_decode(s, idx=_w(s, 0).end())
  File "/usr/lib/python3.8/json/decoder.py", line 355, in raw_decode
    raise JSONDecodeError("Expecting value", s, err.value) from None
json.decoder.JSONDecodeError: Expecting value: line 4 column 3 (char 79)
Traceback (most recent call last):
  File "daily_check.py", line 23, in <module>
    logs = json.load(f)
  File "/usr/lib/python3.8/json/__init__.py", line 293, in load
    return loads(fp.read(),
  File "/usr/lib/python3.8/json/__init__.py", line 357, in loads
    return _default_decoder.decode(s)
  File "/usr/lib/python3.8/json/decoder.py", line 337, in decode
    obj, end = self.raw_decode(s, idx=_w(s, 0).end())
  File "/usr/lib/python3.8/json/decoder.py", line 355, in raw_decode
    raise JSONDecodeError("Expecting value", s, err.value) from None
json.decoder.JSONDecodeError: Expecting value: line 4 column 3 (char 79)
Traceback (most recent call last):
  File "daily_check.py", line 23, in <module>
    logs = json.load(f)
  File "/usr/lib/python3.8/json/__init__.py", line 293, in load
    return loads(fp.read(),
  File "/usr/lib/python3.8/json/__init__.py", line 357, in loads
    return _default_decoder.decode(s)
  File "/usr/lib/python3.8/json/decoder.py", line 337, in decode
    obj, end = self.raw_decode(s, idx=_w(s, 0).end())
  File "/usr/lib/python3.8/json/decoder.py", line 355, in raw_decode
    raise JSONDecodeError("Expecting value", s, err.value) from None
json.decoder.JSONDecodeError: Expecting value: line 4 column 3 (char 79)
Traceback (most recent call last):
  File "daily_check.py", line 23, in <module>
    logs = json.load(f)
  File "/usr/lib/python3.8/json/__init__.py", line 293, in load
    return loads(fp.read(),
  File "/usr/lib/python3.8/json/__init__.py", line 357, in loads
    return _default_decoder.decode(s)
  File "/usr/lib/python3.8/json/decoder.py", line 337, in decode
    obj, end = self.raw_decode(s, idx=_w(s, 0).end())
  File "/usr/lib/python3.8/json/decoder.py", line 355, in raw_decode
    raise JSONDecodeError("Expecting value", s, err.value) from None
json.decoder.JSONDecodeError: Expecting value: line 4 column 3 (char 79)
Traceback (most recent call last):
  File "daily_check.py", line 23, in <module>
    logs = json.load(f)
  File "/usr/lib/python3.8/json/__init__.py", line 293, in load
    return loads(fp.read(),
  File "/usr/lib/python3.8/json/__init__.py", line 357, in loads
    return _default_decoder.decode(s)
  File "/usr/lib/python3.8/json/decoder.py", line 337, in decode
    obj, end = self.raw_decode(s, idx=_w(s, 0).end())
  File "/usr/lib/python3.8/json/decoder.py", line 355, in raw_decode
    raise JSONDecodeError("Expecting value", s, err.value) from None
json.decoder.JSONDecodeError: Expecting value: line 4 column 3 (char 79)
Traceback (most recent call last):
  File "daily_check.py", line 23, in <module>
    logs = json.load(f)
  File "/usr/lib/python3.8/json/__init__.py", line 293, in load
    return loads(fp.read(),
  File "/usr/lib/python3.8/json/__init__.py", line 357, in loads
    return _default_decoder.decode(s)
  File "/usr/lib/python3.8/json/decoder.py", line 337, in decode
    obj, end = self.raw_decode(s, idx=_w(s, 0).end())
  File "/usr/lib/python3.8/json/decoder.py", line 355, in raw_decode
    raise JSONDecodeError("Expecting value", s, err.value) from None
json.decoder.JSONDecodeError: Expecting value: line 4 column 3 (char 79)
Traceback (most recent call last):
  File "daily_check.py", line 23, in <module>
    logs = json.load(f)
  File "/usr/lib/python3.8/json/__init__.py", line 293, in load
    return loads(fp.read(),
  File "/usr/lib/python3.8/json/__init__.py", line 357, in loads
    return _default_decoder.decode(s)
  File "/usr/lib/python3.8/json/decoder.py", line 337, in decode
    obj, end = self.raw_decode(s, idx=_w(s, 0).end())
  File "/usr/lib/python3.8/json/decoder.py", line 355, in raw_decode
    raise JSONDecodeError("Expecting value", s, err.value) from None
json.decoder.JSONDecodeError: Expecting value: line 4 column 3 (char 79)
Traceback (most recent call last):
  File "daily_check.py", line 23, in <module>
    logs = json.load(f)
  File "/usr/lib/python3.8/json/__init__.py", line 293, in load
    return loads(fp.read(),
  File "/usr/lib/python3.8/json/__init__.py", line 357, in loads
    return _default_decoder.decode(s)
  File "/usr/lib/python3.8/json/decoder.py", line 337, in decode
    obj, end = self.raw_decode(s, idx=_w(s, 0).end())
  File "/usr/lib/python3.8/json/decoder.py", line 355, in raw_decode
    raise JSONDecodeError("Expecting value", s, err.value) from None
json.decoder.JSONDecodeError: Expecting value: line 4 column 3 (char 79)
Traceback (most recent call last):
  File "daily_check.py", line 23, in <module>
    logs = json.load(f)
  File "/usr/lib/python3.8/json/__init__.py", line 293, in load
    return loads(fp.read(),
  File "/usr/lib/python3.8/json/__init__.py", line 357, in loads
    return _default_decoder.decode(s)
  File "/usr/lib/python3.8/json/decoder.py", line 337, in decode
    obj, end = self.raw_decode(s, idx=_w(s, 0).end())
  File "/usr/lib/python3.8/json/decoder.py", line 355, in raw_decode
    raise JSONDecodeError("Expecting value", s, err.value) from None
json.decoder.JSONDecodeError: Expecting value: line 4 column 3 (char 79)
Traceback (most recent call last):
  File "daily_check.py", line 23, in <module>
    logs = json.load(f)
  File "/usr/lib/python3.8/json/__init__.py", line 293, in load
    return loads(fp.read(),
  File "/usr/lib/python3.8/json/__init__.py", line 357, in loads
    return _default_decoder.decode(s)
  File "/usr/lib/python3.8/json/decoder.py", line 337, in decode
    obj, end = self.raw_decode(s, idx=_w(s, 0).end())
  File "/usr/lib/python3.8/json/decoder.py", line 355, in raw_decode
    raise JSONDecodeError("Expecting value", s, err.value) from None
json.decoder.JSONDecodeError: Expecting value: line 4 column 3 (char 79)
Traceback (most recent call last):
  File "daily_check.py", line 22, in <module>
    with open(BASE / "log.json", "r", encoding="utf-8") as f:
FileNotFoundError: [Errno 2] No such file or directory: '/home/kazu20040127/musclebot/log.json'
Traceback (most recent call last):
  File "daily_check.py", line 22, in <module>
    with open(BASE / "log.json", "r", encoding="utf-8") as f:
FileNotFoundError: [Errno 2] No such file or directory: '/home/kazu20040127/musclebot/log.json'
Traceback (most recent call last):
  File "daily_check.py", line 22, in <module>
    with open(BASE / "log.json", "r", encoding="utf-8") as f:
FileNotFoundError: [Errno 2] No such file or directory: '/home/kazu20040127/musclebot/log.json'
Traceback (most recent call last):
  File "daily_check.py", line 22, in <module>
    with open(BASE / "log.json", "r", encoding="utf-8") as f:
FileNotFoundError: [Errno 2] No such file or directory: '/home/kazu20040127/musclebot/log.json'
Traceback (most recent call last):
  File "daily_check.py", line 22, in <module>
    with open(BASE / "log.json", "r", encoding="utf-8") as f:
FileNotFoundError: [Errno 2] No such file or directory: '/home/kazu20040127/musclebot/log.json'
Traceback (most recent call last):
  File "daily_check.py", line 22, in <module>
    with open(BASE / "log.json", "r", encoding="utf-8") as f:
FileNotFoundError: [Errno 2] No such file or directory: '/home/kazu20040127/musclebot/log.json'
Traceback (most recent call last):
  File "daily_check.py", line 22, in <module>
    with open(BASE / "log.json", "r", encoding="utf-8") as f:
FileNotFoundError: [Errno 2] No such file or directory: '/home/kazu20040127/musclebot/log.json'
Traceback (most recent call last):
  File "daily_check.py", line 22, in <module>
    with open(BASE / "log.json", "r", encoding="utf-8") as f:
FileNotFoundError: [Errno 2] No such file or directory: '/home/kazu20040127/musclebot/log.json'
Traceback (most recent call last):
  File "daily_check.py", line 22, in <module>
    with open(BASE / "log.json", "r", encoding="utf-8") as f:
FileNotFoundError: [Errno 2] No such file or directory: '/home/kazu20040127/musclebot/log.json'
Traceback (most recent call last):
  File "daily_check.py", line 22, in <module>
    with open(BASE / "log.json", "r", encoding="utf-8") as f:
FileNotFoundError: [Errno 2] No such file or directory: '/home/kazu20040127/musclebot/log.json'
Traceback (most recent call last):
  File "daily_check.py", line 22, in <module>
    with open(BASE / "log.json", "r", encoding="utf-8") as f:
FileNotFoundError: [Errno 2] No such file or directory: '/home/kazu20040127/musclebot/log.json'
Traceback (most recent call last):
  File "daily_check.py", line 22, in <module>
    with open(BASE / "log.json", "r", encoding="utf-8") as f:
FileNotFoundError: [Errno 2] No such file or directory: '/home/kazu20040127/musclebot/log.json'
Traceback (most recent call last):
  File "daily_check.py", line 22, in <module>
    with open(BASE / "log.json", "r", encoding="utf-8") as f:
FileNotFoundError: [Errno 2] No such file or directory: '/home/kazu20040127/musclebot/log.json'
Traceback (most recent call last):
  File "daily_check.py", line 22, in <module>
    with open(BASE / "log.json", "r", encoding="utf-8") as f:
FileNotFoundError: [Errno 2] No such file or directory: '/home/kazu20040127/musclebot/log.json'
Traceback (most recent call last):
  File "daily_check.py", line 22, in <module>
    with open(BASE / "log.json", "r", encoding="utf-8") as f:
FileNotFoundError: [Errno 2] No such file or directory: '/home/kazu20040127/musclebot/log.json'
Traceback (most recent call last):
  File "daily_check.py", line 22, in <module>
    with open(BASE / "log.json", "r", encoding="utf-8") as f:
FileNotFoundError: [Errno 2] No such file or directory: '/home/kazu20040127/musclebot/log.json'
Traceback (most recent call last):
  File "daily_check.py", line 22, in <module>
    with open(BASE / "log.json", "r", encoding="utf-8") as f:
FileNotFoundError: [Errno 2] No such file or directory: '/home/kazu20040127/musclebot/log.json'
Traceback (most recent call last):
  File "daily_check.py", line 22, in <module>
    with open(BASE / "log.json", "r", encoding="utf-8") as f:
FileNotFoundError: [Errno 2] No such file or directory: '/home/kazu20040127/musclebot/log.json'
Traceback (most recent call last):
  File "daily_check.py", line 22, in <module>
    with open(BASE / "log.json", "r", encoding="utf-8") as f:
FileNotFoundError: [Errno 2] No such file or directory: '/home/kazu20040127/musclebot/log.json'
Traceback (most recent call last):
  File "daily_check.py", line 22, in <module>
    with open(BASE / "log.json", "r", encoding="utf-8") as f:
FileNotFoundError: [Errno 2] No such file or directory: '/home/kazu20040127/musclebot/log.json'
Traceback (most recent call last):
  File "daily_check.py", line 22, in <module>
    with open(BASE / "log.json", "r", encoding="utf-8") as f:
FileNotFoundError: [Errno 2] No such file or directory: '/home/kazu20040127/musclebot/log.json'
Traceback (most recent call last):
  File "daily_check.py", line 22, in <module>
    with open(BASE / "log.json", "r", encoding="utf-8") as f:
FileNotFoundError: [Errno 2] No such file or directory: '/home/kazu20040127/musclebot/log.json'
Traceback (most recent call last):
  File "daily_check.py", line 22, in <module>
    with open(BASE / "log.json", "r", encoding="utf-8") as f:
FileNotFoundError: [Errno 2] No such file or directory: '/home/kazu20040127/musclebot/log.json'
Traceback (most recent call last):
  File "daily_check.py", line 22, in <module>
    with open(BASE / "log.json", "r", encoding="utf-8") as f:
FileNotFoundError: [Errno 2] No such file or directory: '/home/kazu20040127/musclebot/log.json'
Traceback (most recent call last):
  File "daily_check.py", line 22, in <module>
    with open(BASE / "log.json", "r", encoding="utf-8") as f:
FileNotFoundError: [Errno 2] No such file or directory: '/home/kazu20040127/musclebot/log.json'
Traceback (most recent call last):
  File "daily_check.py", line 22, in <module>
    with open(BASE / "log.json", "r", encoding="utf-8") as f:
FileNotFoundError: [Errno 2] No such file or directory: '/home/kazu20040127/musclebot/log.json'
Traceback (most recent call last):
  File "daily_check.py", line 22, in <module>
    with open(BASE / "log.json", "r", encoding="utf-8") as f:
FileNotFoundError: [Errno 2] No such file or directory: '/home/kazu20040127/musclebot/log.json'
Traceback (most recent call last):
  File "daily_check.py", line 22, in <module>
    with open(BASE / "log.json", "r", encoding="utf-8") as f:
FileNotFoundError: [Errno 2] No such file or directory: '/home/kazu20040127/musclebot/log.json'
Traceback (most recent call last):
  File "daily_check.py", line 22, in <module>
    with open(BASE / "log.json", "r", encoding="utf-8") as f:
FileNotFoundError: [Errno 2] No such file or directory: '/home/kazu20040127/musclebot/log.json'
Traceback (most recent call last):
  File "daily_check.py", line 22, in <module>
    with open(BASE / "log.json", "r", encoding="utf-8") as f:
FileNotFoundError: [Errno 2] No such file or directory: '/home/kazu20040127/musclebot/log.json'
Traceback (most recent call last):
  File "daily_check.py", line 22, in <module>
    with open(BASE / "log.json", "r", encoding="utf-8") as f:
FileNotFoundError: [Errno 2] No such file or directory: '/home/kazu20040127/musclebot/log.json'
Traceback (most recent call last):
  File "daily_check.py", line 22, in <module>
    with open(BASE / "log.json", "r", encoding="utf-8") as f:
FileNotFoundError: [Errno 2] No such file or directory: '/home/kazu20040127/musclebot/log.json'
Traceback (most recent call last):
  File "daily_check.py", line 22, in <module>
    with open(BASE / "log.json", "r", encoding="utf-8") as f:
FileNotFoundError: [Errno 2] No such file or directory: '/home/kazu20040127/musclebot/log.json'
Traceback (most recent call last):
  File "daily_check.py", line 22, in <module>
    with open(BASE / "log.json", "r", encoding="utf-8") as f:
FileNotFoundError: [Errno 2] No such file or directory: '/home/kazu20040127/musclebot/log.json'
Traceback (most recent call last):
  File "daily_check.py", line 22, in <module>
    with open(BASE / "log.json", "r", encoding="utf-8") as f:
FileNotFoundError: [Errno 2] No such file or directory: '/home/kazu20040127/musclebot/log.json'
Traceback (most recent call last):
  File "daily_check.py", line 22, in <module>
    with open(BASE / "log.json", "r", encoding="utf-8") as f:
FileNotFoundError: [Errno 2] No such file or directory: '/home/kazu20040127/musclebot/log.json'
Traceback (most recent call last):
  File "daily_check.py", line 22, in <module>
    with open(BASE / "log.json", "r", encoding="utf-8") as f:
FileNotFoundError: [Errno 2] No such file or directory: '/home/kazu20040127/musclebot/log.json'
Traceback (most recent call last):
  File "daily_check.py", line 22, in <module>
    with open(BASE / "log.json", "r", encoding="utf-8") as f:
FileNotFoundError: [Errno 2] No such file or directory: '/home/kazu20040127/musclebot/log.json'
Traceback (most recent call last):
  File "daily_check.py", line 22, in <module>
    with open(BASE / "log.json", "r", encoding="utf-8") as f:
FileNotFoundError: [Errno 2] No such file or directory: '/home/kazu20040127/musclebot/log.json'
Traceback (most recent call last):
  File "daily_check.py", line 22, in <module>
    with open(BASE / "log.json", "r", encoding="utf-8") as f:
FileNotFoundError: [Errno 2] No such file or directory: '/home/kazu20040127/musclebot/log.json'
Traceback (most recent call last):
  File "daily_check.py", line 22, in <module>
    with open(BASE / "log.json", "r", encoding="utf-8") as f:
FileNotFoundError: [Errno 2] No such file or directory: '/home/kazu20040127/musclebot/log.json'
Traceback (most recent call last):
  File "daily_check.py", line 22, in <module>
    with open(BASE / "log.json", "r", encoding="utf-8") as f:
FileNotFoundError: [Errno 2] No such file or directory: '/home/kazu20040127/musclebot/log.json'
  File "daily_check.py", line 1
    <<<<<<< HEAD
    ^
SyntaxError: invalid syntax
[2025-08-07] の結果を daily.csv に追記しました
[2025-08-08] の結果を daily.csv に追記しました
[2025-08-09] の結果を daily.csv に追記しました
[2025-08-10] の結果を daily.csv に追記しました
[2025-08-11] の結果を daily.csv に追記しました
[2025-08-12] の結果を daily.csv に追記しました
[2025-08-13] の結果を daily.csv に追記しました
[2025-08-14] の結果を daily.csv に追記しました
[2025-08-15] の結果を daily.csv に追記しました
[2025-08-16] の結果を daily.csv に追記しました
[2025-08-19] の結果を daily.csv に追記しました
[2025-08-20] の結果を daily.csv に追記しました
[2025-08-21] の結果を daily.csv に追記しました
[2025-08-22] の結果を daily.csv に追記しました
[2025-08-23] の結果を daily.csv に追記しました
[2025-08-24] の結果を daily.csv に追記しました
[2025-08-25] の結果を daily.csv に追記しました
[2025-08-26] の結果を daily.csv に追記しました
[2025-08-27] の結果を daily.csv に追記しました
[2025-08-28] の結果を daily.csv に追記しました
[2025-08-29] の結果を daily.csv に追記しました
[2025-08-30] の結果を daily.csv に追記しました
[2025-08-31] の結果を daily.csv に追記しました
[2025-09-01] の結果を daily.csv に追記しました
[2025-09-02] の結果を daily.csv に追記しました
[2025-09-03] の結果を daily.csv に追記しました
[2025-09-04] の結果を daily.csv に追記しました
[2025-09-05] の結果を daily.csv に追記しました
[2025-09-06] の結果を daily.csv に追記しました
[2025-09-07] の結果を daily.csv に追記しました
[2025-09-10] の結果を daily.csv に追記しました
[2025-09-11] の結果を daily.csv に追記しました
[2025-09-12] の結果を daily.csv に追記しました
[2025-09-13] の結果を daily.csv に追記しました
[2025-09-14] の結果を daily.csv に追記しました
[2025-09-15] の結果を daily.csv に追記しました
[2025-09-16] の結果を daily.csv に追記しました
[2025-09-17] の結果を daily.csv に追記しました
[2025-09-18] の結果を daily.csv に追記しました
[2025-09-19] の結果を daily.csv に追記しました
[2025-09-20] の結果を daily.csv に追記しました
[2025-09-21] の結果を daily.csv に追記しました
[2025-09-22] の結果を daily.csv に追記しました
[2025-09-23] の結果を daily.csv に追記しました
[2025-09-24] の結果を daily.csv に追記しました
[2025-09-25] の結果を daily.csv に追記しました
[2025-09-26] の結果を daily.csv に追記しました
[2025-09-27] の結果を daily.csv に追記しました
[2025-09-28] の結果を daily.csv に追記しました
[2025-09-29] の結果を daily.csv に追記しました
[2025-09-30] の結果を daily.csv に追記しました
[2025-10-01] の結果を daily.csv に追記しました
[2025-10-02] の結果を daily.csv に追記しました
[2025-10-03] の結果を daily.csv に追記しました
[2025-10-04] の結果を daily.csv に追記しました
[2025-10-05] の結果を daily.csv に追記しました
[2025-10-06] の結果を daily.csv に追記しました
[2025-10-07] の結果を daily.csv に追記しました
[2025-10-08] の結果を daily.csv に追記しました
[2025-10-09] の結果を daily.csv に追記しました
[2025-10-10] の結果を daily.csv に追記しました
[2025-10-11] の結果を daily.csv に追記しました
[2025-10-12] の結果を daily.csv に追記しました
[2025-10-13] の結果を daily.csv に追記しました
[2025-10-14] の結果を daily.csv に追記しました
[2025-10-15] の結果を daily.csv に追記しました
[2025-10-16] の結果を daily.csv に追記しました
[2025-10-18] の結果を daily.csv に追記しました
[2025-10-19] の結果を daily.csv に追記しました
[2025-10-20] の結果を daily.csv に追記しました
[2025-10-21] の結果を daily.csv に追記しました
[2025-10-22] の結果を daily.csv に追記しました
[2025-10-23] の結果を daily.csv に追記しました
[2025-10-24] の結果を daily.csv に追記しました
[2025-10-25] の結果を daily.csv に追記しました
[2025-10-26] の結果を daily.csv に追記しました
[2025-10-27] の結果を daily.csv に追記しました
[2025-10-28] の結果を daily.csv に追記しました
[2025-10-29] の結果を daily.csv に追記しました
[2025-10-30] の結果を daily.csv に追記しました
[2025-10-31] の結果を daily.csv に追記しました
[2025-11-01] の結果を daily.csv に追記しました
[WARN] 時刻変換失敗: {'date': '2025-11-02', 'ts': '2025-11-02T15:49:50.543025'} (fromisoformat: argument must be str)
[WARN] 時刻変換失敗: {'date': '2025-11-02', 'ts': '2025-11-02T23:30:53.320094'} (fromisoformat: argument must be str)
[WARN] 時刻変換失敗: {'date': '2025-11-02', 'ts': '2025-11-02T23:58:23.563246'} (fromisoformat: argument must be str)
[WARN] 時刻変換失敗: {'date': '2025-11-02', 'ts': '2025-11-02T23:58:22.393050'} (fromisoformat: argument must be str)
[WARN] 時刻変換失敗: {'date': '2025-11-02', 'ts': '2025-11-02T23:03:21.474672'} (fromisoformat: argument must be str)
[WARN] 時刻変換失敗: {'date': '2025-11-02', 'ts': '2025-11-02T23:41:27.113370'} (fromisoformat: argument must be str)
[2025-11-02] の結果を daily.csv に追記しました
[WARN] 時刻変換失敗: {'date': '2025-11-02', 'ts': '2025-11-02T15:49:50.543025'} (fromisoformat: argument must be str)
[WARN] 時刻変換失敗: {'date': '2025-11-03', 'ts': '2025-11-03T04:12:02.203887'} (fromisoformat: argument must be str)
[WARN] 時刻変換失敗: {'date': '2025-11-03', 'ts': '2025-11-03T10:41:53.226964'} (fromisoformat: argument must be str)
[WARN] 時刻変換失敗: {'date': '2025-11-02', 'ts': '2025-11-02T23:30:53.320094'} (fromisoformat: argument must be str)
[WARN] 時刻変換失敗: {'date': '2025-11-03', 'ts': '2025-11-03T10:41:23.436650'} (fromisoformat: argument must be str)
[WARN] 時刻変換失敗: {'date': '2025-11-02', 'ts': '2025-11-02T23:58:23.563246'} (fromisoformat: argument must be str)
[WARN] 時刻変換失敗: {'date': '2025-11-03', 'ts': '2025-11-03T23:58:11.609686'} (fromisoformat: argument must be str)
[WARN] 時刻変換失敗: {'date': '2025-11-02', 'ts': '2025-11-02T23:58:22.393050'} (fromisoformat: argument must be str)
[WARN] 時刻変換失敗: {'date': '2025-11-03', 'ts': '2025-11-03T23:50:52.216567'} (fromisoformat: argument must be str)
[WARN] 時刻変換失敗: {'date': '2025-11-02', 'ts': '2025-11-02T23:03:21.474672'} (fromisoformat: argument must be str)
[WARN] 時刻変換失敗: {'date': '2025-11-03', 'ts': '2025-11-03T23:51:44.403787'} (fromisoformat: argument must be str)
[WARN] 時刻変換失敗: {'date': '2025-11-02', 'ts': '2025-11-02T23:41:27.113370'} (fromisoformat: argument must be str)
[WARN] 時刻変換失敗: {'date': '2025-11-03', 'ts': '2025-11-03T23:52:56.299703'} (fromisoformat: argument must be str)
[2025-11-03] の結果を daily.csv に追記しました
[WARN] 時刻変換失敗: {'date': '2025-11-02', 'ts': '2025-11-02T15:49:50.543025'} (fromisoformat: argument must be str)
[WARN] 時刻変換失敗: {'date': '2025-11-03', 'ts': '2025-11-03T04:12:02.203887'} (fromisoformat: argument must be str)
[WARN] 時刻変換失敗: {'date': '2025-11-03', 'ts': '2025-11-03T10:41:53.226964'} (fromisoformat: argument must be str)
[WARN] 時刻変換失敗: {'date': '2025-11-02', 'ts': '2025-11-02T23:30:53.320094'} (fromisoformat: argument must be str)
[WARN] 時刻変換失敗: {'date': '2025-11-03', 'ts': '2025-11-03T10:41:23.436650'} (fromisoformat: argument must be str)
[WARN] 時刻変換失敗: {'date': '2025-11-02', 'ts': '2025-11-02T23:58:23.563246'} (fromisoformat: argument must be str)
[WARN] 時刻変換失敗: {'date': '2025-11-03', 'ts': '2025-11-03T23:58:11.609686'} (fromisoformat: argument must be str)
[WARN] 時刻変換失敗: {'date': '2025-11-02', 'ts': '2025-11-02T23:58:22.393050'} (fromisoformat: argument must be str)
[WARN] 時刻変換失敗: {'date': '2025-11-03', 'ts': '2025-11-03T23:50:52.216567'} (fromisoformat: argument must be str)
[WARN] 時刻変換失敗: {'date': '2025-11-02', 'ts': '2025-11-02T23:03:21.474672'} (fromisoformat: argument must be str)
[WARN] 時刻変換失敗: {'date': '2025-11-03', 'ts': '2025-11-03T23:51:44.403787'} (fromisoformat: argument must be str)
[WARN] 時刻変換失敗: {'date': '2025-11-02', 'ts': '2025-11-02T23:41:27.113370'} (fromisoformat: argument must be str)
[WARN] 時刻変換失敗: {'date': '2025-11-03', 'ts': '2025-11-04T00:01:53.103766'} (fromisoformat: argument must be str)
[WARN] 時刻変換失敗: {'date': '2025-11-03', 'ts': '2025-11-03T23:52:56.299703'} (fromisoformat: argument must be str)
[2025-11-04] の結果を daily.csv に追記しました
[WARN] 時刻変換失敗: {'date': '2025-11-02', 'ts': '2025-11-02T15:49:50.543025'} (fromisoformat: argument must be str)
[WARN] 時刻変換失敗: {'date': '2025-11-03', 'ts': '2025-11-03T04:12:02.203887'} (fromisoformat: argument must be str)
[WARN] 時刻変換失敗: {'date': '2025-11-05', 'ts': '2025-11-05T07:17:51.192327'} (fromisoformat: argument must be str)
[WARN] 時刻変換失敗: {'date': '2025-11-03', 'ts': '2025-11-03T10:41:53.226964'} (fromisoformat: argument must be str)
[WARN] 時刻変換失敗: {'date': '2025-11-05', 'ts': '2025-11-05T23:53:22.348366'} (fromisoformat: argument must be str)
[WARN] 時刻変換失敗: {'date': '2025-11-02', 'ts': '2025-11-02T23:30:53.320094'} (fromisoformat: argument must be str)
[WARN] 時刻変換失敗: {'date': '2025-11-03', 'ts': '2025-11-03T10:41:23.436650'} (fromisoformat: argument must be str)
[WARN] 時刻変換失敗: {'date': '2025-11-05', 'ts': '2025-11-05T20:27:40.364985'} (fromisoformat: argument must be str)
[WARN] 時刻変換失敗: {'date': '2025-11-02', 'ts': '2025-11-02T23:58:23.563246'} (fromisoformat: argument must be str)
[WARN] 時刻変換失敗: {'date': '2025-11-03', 'ts': '2025-11-03T23:58:11.609686'} (fromisoformat: argument must be str)
[WARN] 時刻変換失敗: {'date': '2025-11-05', 'ts': '2025-11-05T23:54:12.550450'} (fromisoformat: argument must be str)
[WARN] 時刻変換失敗: {'date': '2025-11-02', 'ts': '2025-11-02T23:58:22.393050'} (fromisoformat: argument must be str)
[WARN] 時刻変換失敗: {'date': '2025-11-03', 'ts': '2025-11-03T23:50:52.216567'} (fromisoformat: argument must be str)
[WARN] 時刻変換失敗: {'date': '2025-11-02', 'ts': '2025-11-02T23:03:21.474672'} (fromisoformat: argument must be str)
[WARN] 時刻変換失敗: {'date': '2025-11-03', 'ts': '2025-11-03T23:51:44.403787'} (fromisoformat: argument must be str)
[WARN] 時刻変換失敗: {'date': '2025-11-05', 'ts': '2025-11-05T22:57:46.503359'} (fromisoformat: argument must be str)
[WARN] 時刻変換失敗: {'date': '2025-11-02', 'ts': '2025-11-02T23:41:27.113370'} (fromisoformat: argument must be str)
[WARN] 時刻変換失敗: {'date': '2025-11-03', 'ts': '2025-11-04T00:01:53.103766'} (fromisoformat: argument must be str)
[WARN] 時刻変換失敗: {'date': '2025-11-05', 'ts': '2025-11-05T23:56:16.313610'} (fromisoformat: argument must be str)
[WARN] 時刻変換失敗: {'date': '2025-11-03', 'ts': '2025-11-03T23:52:56.299703'} (fromisoformat: argument must be str)
[WARN] 時刻変換失敗: {'date': '2025-11-05', 'ts': '2025-11-05T18:48:25.180238'} (fromisoformat: argument must be str)
[2025-11-05] の結果を daily.csv に追記しました
[WARN] 時刻変換失敗: {'date': '2025-11-02', 'ts': '2025-11-02T15:49:50.543025'} (fromisoformat: argument must be str)
[WARN] 時刻変換失敗: {'date': '2025-11-03', 'ts': '2025-11-03T04:12:02.203887'} (fromisoformat: argument must be str)
[WARN] 時刻変換失敗: {'date': '2025-11-05', 'ts': '2025-11-05T07:17:51.192327'} (fromisoformat: argument must be str)
[WARN] 時刻変換失敗: {'date': '2025-11-06', 'ts': '2025-11-06T09:37:15.213442'} (fromisoformat: argument must be str)
[WARN] 時刻変換失敗: {'date': '2025-11-03', 'ts': '2025-11-03T10:41:53.226964'} (fromisoformat: argument must be str)
[WARN] 時刻変換失敗: {'date': '2025-11-05', 'ts': '2025-11-05T23:53:22.348366'} (fromisoformat: argument must be str)
[WARN] 時刻変換失敗: {'date': '2025-11-06', 'ts': '2025-11-06T23:59:20.062237'} (fromisoformat: argument must be str)
[WARN] 時刻変換失敗: {'date': '2025-11-02', 'ts': '2025-11-02T23:30:53.320094'} (fromisoformat: argument must be str)
[WARN] 時刻変換失敗: {'date': '2025-11-03', 'ts': '2025-11-03T10:41:23.436650'} (fromisoformat: argument must be str)
[WARN] 時刻変換失敗: {'date': '2025-11-05', 'ts': '2025-11-05T20:27:40.364985'} (fromisoformat: argument must be str)
[WARN] 時刻変換失敗: {'date': '2025-11-06', 'ts': '2025-11-06T16:25:21.756571'} (fromisoformat: argument must be str)
[WARN] 時刻変換失敗: {'date': '2025-11-02', 'ts': '2025-11-02T23:58:23.563246'} (fromisoformat: argument must be str)
[WARN] 時刻変換失敗: {'date': '2025-11-03', 'ts': '2025-11-03T23:58:11.609686'} (fromisoformat: argument must be str)
[WARN] 時刻変換失敗: {'date': '2025-11-05', 'ts': '2025-11-05T23:54:12.550450'} (fromisoformat: argument must be str)
[WARN] 時刻変換失敗: {'date': '2025-11-02', 'ts': '2025-11-02T23:58:22.393050'} (fromisoformat: argument must be str)
[WARN] 時刻変換失敗: {'date': '2025-11-03', 'ts': '2025-11-03T23:50:52.216567'} (fromisoformat: argument must be str)
[WARN] 時刻変換失敗: {'date': '2025-11-06', 'ts': '2025-11-06T00:04:33.045499'} (fromisoformat: argument must be str)
[WARN] 時刻変換失敗: {'date': '2025-11-02', 'ts': '2025-11-02T23:03:21.474672'} (fromisoformat: argument must be str)
[WARN] 時刻変換失敗: {'date': '2025-11-03', 'ts': '2025-11-03T23:51:44.403787'} (fromisoformat: argument must be str)
[WARN] 時刻変換失敗: {'date': '2025-11-05', 'ts': '2025-11-05T22:57:46.503359'} (fromisoformat: argument must be str)
[WARN] 時刻変換失敗: {'date': '2025-11-06', 'ts': '2025-11-06T23:18:21.150751'} (fromisoformat: argument must be str)
[WARN] 時刻変換失敗: {'date': '2025-11-02', 'ts': '2025-11-02T23:41:27.113370'} (fromisoformat: argument must be str)
[WARN] 時刻変換失敗: {'date': '2025-11-03', 'ts': '2025-11-04T00:01:53.103766'} (fromisoformat: argument must be str)
[WARN] 時刻変換失敗: {'date': '2025-11-05', 'ts': '2025-11-05T23:56:16.313610'} (fromisoformat: argument must be str)
[WARN] 時刻変換失敗: {'date': '2025-11-03', 'ts': '2025-11-03T23:52:56.299703'} (fromisoformat: argument must be str)
[WARN] 時刻変換失敗: {'date': '2025-11-05', 'ts': '2025-11-05T18:48:25.180238'} (fromisoformat: argument must be str)
[WARN] 時刻変換失敗: {'date': '2025-11-06', 'ts': '2025-11-06T23:59:01.013443'} (fromisoformat: argument must be str)
[2025-11-06] の結果を daily.csv に追記しました
[WARN] 時刻変換失敗: {'date': '2025-11-02', 'ts': '2025-11-02T15:49:50.543025'} (fromisoformat: argument must be str)
[WARN] 時刻変換失敗: {'date': '2025-11-03', 'ts': '2025-11-03T04:12:02.203887'} (fromisoformat: argument must be str)
[WARN] 時刻変換失敗: {'date': '2025-11-05', 'ts': '2025-11-05T07:17:51.192327'} (fromisoformat: argument must be str)
[WARN] 時刻変換失敗: {'date': '2025-11-06', 'ts': '2025-11-06T09:37:15.213442'} (fromisoformat: argument must be str)
[WARN] 時刻変換失敗: {'date': '2025-11-07', 'ts': '2025-11-07T10:35:03.130225'} (fromisoformat: argument must be str)
[WARN] 時刻変換失敗: {'date': '2025-11-03', 'ts': '2025-11-03T10:41:53.226964'} (fromisoformat: argument must be str)
[WARN] 時刻変換失敗: {'date': '2025-11-05', 'ts': '2025-11-05T23:53:22.348366'} (fromisoformat: argument must be str)
[WARN] 時刻変換失敗: {'date': '2025-11-06', 'ts': '2025-11-06T23:59:20.062237'} (fromisoformat: argument must be str)
[WARN] 時刻変換失敗: {'date': '2025-11-07', 'ts': '2025-11-07T23:02:33.957330'} (fromisoformat: argument must be str)
[WARN] 時刻変換失敗: {'date': '2025-11-02', 'ts': '2025-11-02T23:30:53.320094'} (fromisoformat: argument must be str)
[WARN] 時刻変換失敗: {'date': '2025-11-03', 'ts': '2025-11-03T10:41:23.436650'} (fromisoformat: argument must be str)
[WARN] 時刻変換失敗: {'date': '2025-11-05', 'ts': '2025-11-05T20:27:40.364985'} (fromisoformat: argument must be str)
[WARN] 時刻変換失敗: {'date': '2025-11-06', 'ts': '2025-11-06T16:25:21.756571'} (fromisoformat: argument must be str)
[WARN] 時刻変換失敗: {'date': '2025-11-07', 'ts': '2025-11-07T23:01:42.664510'} (fromisoformat: argument must be str)
[WARN] 時刻変換失敗: {'date': '2025-11-02', 'ts': '2025-11-02T23:58:23.563246'} (fromisoformat: argument must be str)
[WARN] 時刻変換失敗: {'date': '2025-11-03', 'ts': '2025-11-03T23:58:11.609686'} (fromisoformat: argument must be str)
[WARN] 時刻変換失敗: {'date': '2025-11-05', 'ts': '2025-11-05T23:54:12.550450'} (fromisoformat: argument must be str)
[WARN] 時刻変換失敗: {'date': '2025-11-02', 'ts': '2025-11-02T23:58:22.393050'} (fromisoformat: argument must be str)
[WARN] 時刻変換失敗: {'date': '2025-11-03', 'ts': '2025-11-03T23:50:52.216567'} (fromisoformat: argument must be str)
[WARN] 時刻変換失敗: {'date': '2025-11-06', 'ts': '2025-11-06T00:04:33.045499'} (fromisoformat: argument must be str)
[WARN] 時刻変換失敗: {'date': '2025-11-06', 'ts': '2025-11-07T00:01:30.701586'} (fromisoformat: argument must be str)
[WARN] 時刻変換失敗: {'date': '2025-11-07', 'ts': '2025-11-07T19:48:48.742433'} (fromisoformat: argument must be str)
[WARN] 時刻変換失敗: {'date': '2025-11-02', 'ts': '2025-11-02T23:03:21.474672'} (fromisoformat: argument must be str)
[WARN] 時刻変換失敗: {'date': '2025-11-03', 'ts': '2025-11-03T23:51:44.403787'} (fromisoformat: argument must be str)
[WARN] 時刻変換失敗: {'date': '2025-11-05', 'ts': '2025-11-05T22:57:46.503359'} (fromisoformat: argument must be str)
[WARN] 時刻変換失敗: {'date': '2025-11-06', 'ts': '2025-11-06T23:18:21.150751'} (fromisoformat: argument must be str)
[WARN] 時刻変換失敗: {'date': '2025-11-07', 'ts': '2025-11-07T20:41:17.814995'} (fromisoformat: argument must be str)
[WARN] 時刻変換失敗: {'date': '2025-11-02', 'ts': '2025-11-02T23:41:27.113370'} (fromisoformat: argument must be str)
[WARN] 時刻変換失敗: {'date': '2025-11-03', 'ts': '2025-11-04T00:01:53.103766'} (fromisoformat: argument must be str)
[WARN] 時刻変換失敗: {'date': '2025-11-05', 'ts': '2025-11-05T23:56:16.313610'} (fromisoformat: argument must be str)
[WARN] 時刻変換失敗: {'date': '2025-11-06', 'ts': '2025-11-07T00:02:46.506332'} (fromisoformat: argument must be str)
[WARN] 時刻変換失敗: {'date': '2025-11-03', 'ts': '2025-11-03T23:52:56.299703'} (fromisoformat: argument must be str)
[WARN] 時刻変換失敗: {'date': '2025-11-05', 'ts': '2025-11-05T18:48:25.180238'} (fromisoformat: argument must be str)
[WARN] 時刻変換失敗: {'date': '2025-11-06', 'ts': '2025-11-06T23:59:01.013443'} (fromisoformat: argument must be str)
[WARN] 時刻変換失敗: {'date': '2025-11-07', 'ts': '2025-11-07T19:49:38.831617'} (fromisoformat: argument must be str)
[2025-11-07] の結果を daily.csv に追記しました
[2025-11-08] の結果を daily.csv に追記しました: [0, 0, 0, 0, 0, 0, 0, 1]
[2025-11-09] の結果を daily.csv に追記しました: [0, 0, 0, 0, 0, 1, 1, 0]
[2025-11-10] の結果を daily.csv に追記しました: [0, 0, 0, 0, 1, 0, 0, 0]
[2025-11-11] の結果を daily.csv に追記しました: [0, 1, 0, 0, 0, 0, 1, 1]
[2025-11-12] の結果を daily.csv に追記しました: [0, 0, 0, 1, 1, 0, 0, 0]
[2025-11-13] の結果を daily.csv に追記しました: [0, 1, 0, 0, 0, 1, 1, 1]
[2025-11-14] の結果を daily.csv に追記しました: [0, 0, 1, 0, 0, 1, 0, 0]
[2025-11-15] の結果を daily.csv に追記しました: [0, 1, 1, 1, 1, 1, 1, 1]
[2025-11-16] の結果を daily.csv に追記しました: [1, 1, 1, 1, 1, 1, 1, 1]
[2025-11-17] の結果を daily.csv に追記しました: [1, 1, 1, 1, 1, 1, 1, 1]
[2025-11-18] の結果を daily.csv に追記しました: [1, 1, 1, 1, 1, 1, 1, 1]
[2025-11-19] の結果を daily.csv に追記しました: [1, 1, 1, 1, 1, 1, 1, 1]
[2025-11-20] の結果を daily.csv に追記しました: [1, 1, 1, 1, 1, 1, 1, 1]
[2025-11-21] の結果を daily.csv に追記しました: [1, 1, 1, 1, 1, 1, 1, 1]
[2025-11-22] の結果を daily.csv に追記しました: [1, 1, 1, 1, 1, 1, 1, 1]
[2025-11-23] の結果を daily.csv に追記しました: [1, 1, 1, 1, 1, 1, 1, 1]
